Arguments: 
  C:\Program Files\nodejs\node.exe D:\lls\zhoujiansheng\AppData\Roaming\npm\node_modules\yarn\bin\yarn.js add vite-plugin-style-import -D

PATH: 
  C:\Python39\Scripts\;C:\Python39\;C:\Windows\system32;C:\Windows;C:\Windows\System32\Wbem;C:\Windows\System32\WindowsPowerShell\v1.0\;C:\Windows\System32\OpenSSH\;node_global\;C:\ProgramData\chocolatey\bin;D:\tools\Git\cmd;D:\tools\Git\bin;D:\software\nvm;C:\Program Files\nodejs;C:\Users\zhoujiansheng\AppData\Local\Microsoft\WindowsApps;D:\tools\Microsoft VS Code\bin;D:\tools\Git\bin;D:\software\nvm;C:\Program Files\nodejs;D:\lls\zhoujiansheng\AppData\Roaming\npm\node_modules;D:\lls\zhoujiansheng\AppData\Roaming\npm;

Yarn version: 
  1.22.11

Node version: 
  16.18.0

Platform: 
  win32 x64

Trace: 
  Error: ENOENT: no such file or directory, copyfile 'C:\Users\zhoujiansheng\AppData\Local\Yarn\Cache\v6\npm-yallist-4.0.0-9bb92790d9c0effec63be73519e11a35019a3a72-integrity\node_modules\yallist\iterator.js' -> 'D:\APP\seven7\node_modules\@typescript-eslint\eslint-plugin\node_modules\yallist\iterator.js'

npm manifest: 
  {
    "name": "vite-vue3-ts-element-sass-template",
    "version": "0.0.0",
    "scripts": {
      "dev": "vite",
      "build": "vite build",
      "build:test": "vite build --mode test",
      "serve": "vite preview",
      "lint": "eslint --ext .ts,.js,.vue --fix ./src",
      "test": "vitest",
      "test:ui": "vitest --ui",
      "test:coverage": "vitest run --coverage",
      "tcb:deploy": "tcb framework deploy",
      "tcb:login": "tcb login"
    },
    "dependencies": {
      "axios": "^0.27.2",
      "element-plus": "^2.2.14",
      "pinia": "^2.0.19",
      "vue": "^3.2.37",
      "vue-router": "^4.1.3"
    },
    "devDependencies": {
      "@cloudbase/cli": "^1.12.6",
      "@types/node": "^17.0.45",
      "@typescript-eslint/eslint-plugin": "^5.33.1",
      "@typescript-eslint/parser": "^5.33.1",
      "@vitejs/plugin-vue": "^2.3.4",
      "@vitest/ui": "^0.10.5",
      "c8": "^7.12.0",
      "eslint": "^8.22.0",
      "eslint-config-airbnb-base": "^15.0.0",
      "eslint-config-prettier": "^8.5.0",
      "eslint-plugin-import": "^2.26.0",
      "eslint-plugin-prettier": "^4.2.1",
      "eslint-plugin-todo-ddl": "^1.1.1",
      "eslint-plugin-vue": "^9.3.0",
      "sass": "^1.54.4",
      "typescript": "^4.7.4",
      "unplugin-auto-import": "^0.7.2",
      "unplugin-element-plus": "^0.4.1",
      "unplugin-vue-components": "^0.19.9",
      "vite": "^3.0.9",
      "vite-plugin-eslint": "^1.8.1",
      "vitest": "^0.16.0"
    }
  }

yarn manifest: 
  No manifest

Lockfile: 
  No lockfile
